# JRE version: Java(TM) SE Runtime Environment (8.0_201-b09) (build 1.8.0_201-b09)
# Java VM: Java HotSpot(TM) 64-Bit Server VM (25.201-b09 mixed mode windows-amd64 compressed oops)
Heap:
 PSYoungGen      total 136192K, used 4296K [0x00000000eab00000, 0x00000000f6d00000, 0x0000000100000000)
  eden space 123904K, 3% used [0x00000000eab00000,0x00000000eaf32350,0x00000000f2400000)
  from space 12288K, 0% used [0x00000000f2400000,0x00000000f2400000,0x00000000f3000000)
  to   space 3584K, 0% used [0x00000000f3000000,0x00000000f3000000,0x00000000f3380000)
 ParOldGen       total 27648K, used 20492K [0x00000000c0000000, 0x00000000c1b00000, 0x00000000eab00000)
  object space 27648K, 74% used [0x00000000c0000000,0x00000000c14031b8,0x00000000c1b00000)
 Metaspace       used 39852K, capacity 41642K, committed 42024K, reserved 1089536K
  class space    used 5502K, capacity 5849K, committed 5928K, reserved 1048576K
GC Heap History (10 events):
Event: 7.346 GC heap before
{Heap before GC invocations=10 (full 1):
 PSYoungGen      total 122368K, used 122051K [0x00000000eab00000, 0x00000000f3380000, 0x0000000100000000)
  eden space 118784K, 100% used [0x00000000eab00000,0x00000000f1f00000,0x00000000f1f00000)
  from space 3584K, 91% used [0x00000000f3000000,0x00000000f3330ca8,0x00000000f3380000)
  to   space 7168K, 0% used [0x00000000f2580000,0x00000000f2580000,0x00000000f2c80000)
 ParOldGen       total 27648K, used 5548K [0x00000000c0000000, 0x00000000c1b00000, 0x00000000eab00000)
  object space 27648K, 20% used [0x00000000c0000000,0x00000000c056b0e8,0x00000000c1b00000)
 Metaspace       used 28926K, capacity 30356K, committed 30720K, reserved 1075200K
  class space    used 3928K, capacity 4232K, committed 4352K, reserved 1048576K
Event: 7.371 GC heap after
Heap after GC invocations=10 (full 1):
 PSYoungGen      total 125952K, used 7167K [0x00000000eab00000, 0x00000000f3380000, 0x0000000100000000)
  eden space 118784K, 0% used [0x00000000eab00000,0x00000000eab00000,0x00000000f1f00000)
  from space 7168K, 99% used [0x00000000f2580000,0x00000000f2c7fd18,0x00000000f2c80000)
  to   space 3584K, 0% used [0x00000000f3000000,0x00000000f3000000,0x00000000f3380000)
 ParOldGen       total 27648K, used 10892K [0x00000000c0000000, 0x00000000c1b00000, 0x00000000eab00000)
  object space 27648K, 39% used [0x00000000c0000000,0x00000000c0aa3170,0x00000000c1b00000)
 Metaspace       used 28926K, capacity 30356K, committed 30720K, reserved 1075200K
  class space    used 3928K, capacity 4232K, committed 4352K, reserved 1048576K
}
Event: 9.024 GC heap before
{Heap before GC invocations=11 (full 1):
 PSYoungGen      total 125952K, used 93280K [0x00000000eab00000, 0x00000000f3380000, 0x0000000100000000)
  eden space 118784K, 72% used [0x00000000eab00000,0x00000000eff185e8,0x00000000f1f00000)
  from space 7168K, 99% used [0x00000000f2580000,0x00000000f2c7fd18,0x00000000f2c80000)
  to   space 3584K, 0% used [0x00000000f3000000,0x00000000f3000000,0x00000000f3380000)
 ParOldGen       total 27648K, used 10892K [0x00000000c0000000, 0x00000000c1b00000, 0x00000000eab00000)
  object space 27648K, 39% used [0x00000000c0000000,0x00000000c0aa3170,0x00000000c1b00000)
 Metaspace       used 33766K, capacity 35390K, committed 35496K, reserved 1079296K
  class space    used 4687K, capacity 5027K, committed 5032K, reserved 1048576K
Event: 9.053 GC heap after
Heap after GC invocations=11 (full 1):
 PSYoungGen      total 127488K, used 3572K [0x00000000eab00000, 0x00000000f6d00000, 0x0000000100000000)
  eden space 123904K, 0% used [0x00000000eab00000,0x00000000eab00000,0x00000000f2400000)
  from space 3584K, 99% used [0x00000000f3000000,0x00000000f337d010,0x00000000f3380000)
  to   space 12288K, 0% used [0x00000000f2400000,0x00000000f2400000,0x00000000f3000000)
 ParOldGen       total 27648K, used 19683K [0x00000000c0000000, 0x00000000c1b00000, 0x00000000eab00000)
  object space 27648K, 71% used [0x00000000c0000000,0x00000000c1338e80,0x00000000c1b00000)
 Metaspace       used 33766K, capacity 35390K, committed 35496K, reserved 1079296K
  class space    used 4687K, capacity 5027K, committed 5032K, reserved 1048576K
}
Event: 9.053 GC heap before
{Heap before GC invocations=12 (full 2):
 PSYoungGen      total 127488K, used 3572K [0x00000000eab00000, 0x00000000f6d00000, 0x0000000100000000)
  eden space 123904K, 0% used [0x00000000eab00000,0x00000000eab00000,0x00000000f2400000)
  from space 3584K, 99% used [0x00000000f3000000,0x00000000f337d010,0x00000000f3380000)
  to   space 12288K, 0% used [0x00000000f2400000,0x00000000f2400000,0x00000000f3000000)
 ParOldGen       total 27648K, used 19683K [0x00000000c0000000, 0x00000000c1b00000, 0x00000000eab00000)
  object space 27648K, 71% used [0x00000000c0000000,0x00000000c1338e80,0x00000000c1b00000)
 Metaspace       used 33766K, capacity 35390K, committed 35496K, reserved 1079296K
  class space    used 4687K, capacity 5027K, committed 5032K, reserved 1048576K
Event: 9.205 GC heap after
Heap after GC invocations=12 (full 2):
 PSYoungGen      total 127488K, used 0K [0x00000000eab00000, 0x00000000f6d00000, 0x0000000100000000)
  eden space 123904K, 0% used [0x00000000eab00000,0x00000000eab00000,0x00000000f2400000)
  from space 3584K, 0% used [0x00000000f3000000,0x00000000f3000000,0x00000000f3380000)
  to   space 12288K, 0% used [0x00000000f2400000,0x00000000f2400000,0x00000000f3000000)
 ParOldGen       total 27648K, used 17032K [0x00000000c0000000, 0x00000000c1b00000, 0x00000000eab00000)
  object space 27648K, 61% used [0x00000000c0000000,0x00000000c10a21a0,0x00000000c1b00000)
 Metaspace       used 33766K, capacity 35390K, committed 35496K, reserved 1079296K
  class space    used 4687K, capacity 5027K, committed 5032K, reserved 1048576K
}
Event: 10.837 GC heap before
{Heap before GC invocations=13 (full 2):
 PSYoungGen      total 127488K, used 61791K [0x00000000eab00000, 0x00000000f6d00000, 0x0000000100000000)
  eden space 123904K, 49% used [0x00000000eab00000,0x00000000ee757da8,0x00000000f2400000)
  from space 3584K, 0% used [0x00000000f3000000,0x00000000f3000000,0x00000000f3380000)
  to   space 12288K, 0% used [0x00000000f2400000,0x00000000f2400000,0x00000000f3000000)
 ParOldGen       total 27648K, used 17032K [0x00000000c0000000, 0x00000000c1b00000, 0x00000000eab00000)
  object space 27648K, 61% used [0x00000000c0000000,0x00000000c10a21a0,0x00000000c1b00000)
 Metaspace       used 39825K, capacity 41548K, committed 41768K, reserved 1089536K
  class space    used 5492K, capacity 5842K, committed 5928K, reserved 1048576K
Event: 10.856 GC heap after
Heap after GC invocations=13 (full 2):
 PSYoungGen      total 136192K, used 7698K [0x00000000eab00000, 0x00000000f6d00000, 0x0000000100000000)
  eden space 123904K, 0% used [0x00000000eab00000,0x00000000eab00000,0x00000000f2400000)
  from space 12288K, 62% used [0x00000000f2400000,0x00000000f2b849d0,0x00000000f3000000)
  to   space 3584K, 0% used [0x00000000f3000000,0x00000000f3000000,0x00000000f3380000)
 ParOldGen       total 27648K, used 17040K [0x00000000c0000000, 0x00000000c1b00000, 0x00000000eab00000)
  object space 27648K, 61% used [0x00000000c0000000,0x00000000c10a41a0,0x00000000c1b00000)
 Metaspace       used 39825K, capacity 41548K, committed 41768K, reserved 1089536K
  class space    used 5492K, capacity 5842K, committed 5928K, reserved 1048576K
}
Event: 10.856 GC heap before
{Heap before GC invocations=14 (full 3):
 PSYoungGen      total 136192K, used 7698K [0x00000000eab00000, 0x00000000f6d00000, 0x0000000100000000)
  eden space 123904K, 0% used [0x00000000eab00000,0x00000000eab00000,0x00000000f2400000)
  from space 12288K, 62% used [0x00000000f2400000,0x00000000f2b849d0,0x00000000f3000000)
  to   space 3584K, 0% used [0x00000000f3000000,0x00000000f3000000,0x00000000f3380000)
 ParOldGen       total 27648K, used 17040K [0x00000000c0000000, 0x00000000c1b00000, 0x00000000eab00000)
  object space 27648K, 61% used [0x00000000c0000000,0x00000000c10a41a0,0x00000000c1b00000)
 Metaspace       used 39825K, capacity 41548K, committed 41768K, reserved 1089536K
  class space    used 5492K, capacity 5842K, committed 5928K, reserved 1048576K
Event: 11.115 GC heap after
Heap after GC invocations=14 (full 3):
 PSYoungGen      total 136192K, used 0K [0x00000000eab00000, 0x00000000f6d00000, 0x0000000100000000)
  eden space 123904K, 0% used [0x00000000eab00000,0x00000000eab00000,0x00000000f2400000)
  from space 12288K, 0% used [0x00000000f2400000,0x00000000f2400000,0x00000000f3000000)
  to   space 3584K, 0% used [0x00000000f3000000,0x00000000f3000000,0x00000000f3380000)
 ParOldGen       total 27648K, used 20492K [0x00000000c0000000, 0x00000000c1b00000, 0x00000000eab00000)
  object space 27648K, 74% used [0x00000000c0000000,0x00000000c14031b8,0x00000000c1b00000)
 Metaspace       used 39825K, capacity 41548K, committed 41768K, reserved 1087488K
  class space    used 5492K, capacity 5842K, committed 5928K, reserved 1048576K
}

